c:\users\tohdj\desktop\practical\nyp_framework\base\debug\vc120.pdb
c:\users\tohdj\desktop\practical\nyp_framework\base\debug\vc120.idb
c:\users\tohdj\desktop\practical\nyp_framework\base\debug\entitymanager.obj
c:\users\tohdj\desktop\practical\nyp_framework\base\debug\fpscamera.obj
c:\users\tohdj\desktop\practical\nyp_framework\base\debug\genericentity.obj
c:\users\tohdj\desktop\practical\nyp_framework\base\debug\groundentity.obj
c:\users\tohdj\desktop\practical\nyp_framework\base\debug\light.obj
c:\users\tohdj\desktop\practical\nyp_framework\base\debug\main.obj
c:\users\tohdj\desktop\practical\nyp_framework\base\debug\objmesh.obj
c:\users\tohdj\desktop\practical\nyp_framework\base\debug\playerinfo.obj
c:\users\tohdj\desktop\practical\nyp_framework\base\debug\laser.obj
c:\users\tohdj\desktop\practical\nyp_framework\base\debug\projectile.obj
c:\users\tohdj\desktop\practical\nyp_framework\base\debug\scenegraph.obj
c:\users\tohdj\desktop\practical\nyp_framework\base\debug\scenenode.obj
c:\users\tohdj\desktop\practical\nyp_framework\base\debug\transform.obj
c:\users\tohdj\desktop\practical\nyp_framework\base\debug\scenetext.obj
c:\users\tohdj\desktop\practical\nyp_framework\base\debug\skyboxentity.obj
c:\users\tohdj\desktop\practical\nyp_framework\base\debug\spriteentity.obj
c:\users\tohdj\desktop\practical\nyp_framework\base\debug\textentity.obj
c:\users\tohdj\desktop\practical\nyp_framework\base\debug\laserblaster.obj
c:\users\tohdj\desktop\practical\nyp_framework\base\debug\pistol.obj
c:\users\tohdj\desktop\practical\nyp_framework\base\debug\weaponinfo.obj
c:\users\tohdj\desktop\practical\nyp_framework\base\debug\application.obj
c:\users\tohdj\desktop\practical\nyp_framework\debug\base.exe
c:\users\tohdj\desktop\practical\nyp_framework\debug\base.pdb
c:\users\tohdj\desktop\practical\nyp_framework\base\debug\base.tlog\cl.command.1.tlog
c:\users\tohdj\desktop\practical\nyp_framework\base\debug\base.tlog\cl.read.1.tlog
c:\users\tohdj\desktop\practical\nyp_framework\base\debug\base.tlog\cl.write.1.tlog
c:\users\tohdj\desktop\practical\nyp_framework\base\debug\base.tlog\link.command.1.tlog
c:\users\tohdj\desktop\practical\nyp_framework\base\debug\base.tlog\link.read.1.tlog
c:\users\tohdj\desktop\practical\nyp_framework\base\debug\base.tlog\link.write.1.tlog
